<?xml version="1.0" encoding="UTF-8"?>
<!-- Generated by org.testng.reporters.JUnitReportReporter -->
<testsuite hostname="A842452-W10" failures="0" tests="1" name="FirstTest" time="15.430" errors="0" timestamp="27 Feb 2020 13:50:32 GMT" skipped="0">
  <testcase classname="FirstTest" name="FTest" time="15.430"/>
</testsuite> <!-- FirstTest -->
